- Writing benchmark results to '/home/mweisgut/hyrise-cxl/results/2025-02-25T065806_N0m0-1s100t1200cl10c0Shuffled_rn0-2rw1-4.json'
- Running in multi-threaded mode using all available cores
- Data preparation will use all available cores
- 10 simulated clients are scheduling items in parallel
- Running benchmark in 'Shuffled' mode
- Encoding is 'Dictionary'
- Chunk size is 65535
- Executing items until max duration is up:
- Max duration per item is 1200 seconds
- No warmup runs are performed
- Not caching tables as binary files
- Not tracking system metrics
- Not tracking SQL pipeline metrics
- Remote memory NUMA node IDs: [ 0, 2 ]
- Remote memory NUMA node weights: [ 1, 4 ]
- Data placement type: PagesWeightedInterleaved
- Benchmarking Queries: [ 1, 2, 3, 4, 5, 6, 7, 8, 9, 10, 11, 12, 13, 14, 15, 16, 17, 18, 19, 20, 21, 22 ]
- TPC-H scale factor is 100
- Using prepared statements: no
- SQL plan caching switched on
- Multi-threaded Topology:
Number of CPUs: 48
Available CPUs / nodes were filtered by externally set CPU affinity (e.g., numactl).
Node #0 - Number of Node CPUs: 48, CPUIDs: [0, 1, 2, 3, 4, 5, 6, 7, 8, 9, 10, 11, 12, 13, 14, 15, 16, 17, 18, 19, 20, 21, 22, 23, 48, 49, 50, 51, 52, 53, 54, 55, 56, 57, 58, 59, 60, 61, 62, 63, 64, 65, 66, 67, 68, 69, 70, 71]
Node #1 - Number of Node CPUs: 0, CPUIDs: []
Node #2 - Number of Node CPUs: 0, CPUIDs: []
Node #3 - Number of Node CPUs: 0, CPUIDs: []
Node #4 - Number of Node CPUs: 0, CPUIDs: []
Node #5 - Number of Node CPUs: 0, CPUIDs: []
- Loading/Generating tables
- Loading/Generating tables done (6 min 35 s)
- Encoding tables (if necessary) and generating pruning statistics
 - Column 'region.r_name' of type string will be encoded as FixedStringDictionary.
 - Column 'region.r_comment' of type string will be encoded as FixedStringDictionary.
 - Column 'part.p_name' of type string will be encoded as FixedStringDictionary.
 - Column 'supplier.s_name' of type string will be encoded as FixedStringDictionary.
 - Column 'nation.n_name' of type string will be encoded as FixedStringDictionary.
 - Column 'part.p_mfgr' of type string will be encoded as FixedStringDictionary.
 - Column 'part.p_brand' of type string will be encoded as FixedStringDictionary.
 - Column 'supplier.s_address' of type string will be encoded as FixedStringDictionary.
 - Column 'orders.o_orderstatus' of type string will be encoded as FixedStringDictionary.
 - Column 'customer.c_name' of type string will be encoded as FixedStringDictionary.
 - Column 'supplier.s_phone' of type string will be encoded as FixedStringDictionary.
 - Column 'supplier.s_comment' of type string will be encoded as FixedStringDictionary.
 - Column 'partsupp.ps_comment' of type string will be encoded as FixedStringDictionary.
 - Column 'customer.c_address' of type string will be encoded as FixedStringDictionary.
 - Column 'orders.o_orderdate' of type string will be encoded as FixedStringDictionary.
 - Column 'customer.c_phone' of type string will be encoded as FixedStringDictionary.
 - Column 'orders.o_orderpriority' of type string will be encoded as FixedStringDictionary.
 - Column 'nation.n_comment' of type string will be encoded as FixedStringDictionary.
 - Column 'orders.o_clerk' of type string will be encoded as FixedStringDictionary.
 - Column 'part.p_type' of type string will be encoded as FixedStringDictionary.
 - Column 'lineitem.l_returnflag' of type string will be encoded as FixedStringDictionary.
 - Column 'part.p_container' of type string will be encoded as FixedStringDictionary.
 - Column 'lineitem.l_linestatus' of type string will be encoded as FixedStringDictionary.
 - Column 'lineitem.l_shipdate' of type string will be encoded as FixedStringDictionary.
 - Column 'lineitem.l_commitdate' of type string will be encoded as FixedStringDictionary.
 - Column 'orders.o_comment' of type string will be encoded as FixedStringDictionary.
 - Column 'lineitem.l_receiptdate' of type string will be encoded as FixedStringDictionary.
 - Column 'part.p_comment' of type string will be encoded as FixedStringDictionary.
 - Column 'lineitem.l_shipinstruct' of type string will be encoded as FixedStringDictionary.
 - Column 'lineitem.l_shipmode' of type string will be encoded as FixedStringDictionary.
 - Column 'lineitem.l_comment' of type string will be encoded as FixedStringDictionary.
 - Column 'customer.c_mktsegment' of type string will be encoded as FixedStringDictionary.
 - Column 'customer.c_comment' of type string will be encoded as FixedStringDictionary.
-  Processing 'region' - encoding applied (369 µs 889 ns)
-  Processing 'nation' - encoding applied (527 µs 432 ns)
-  Processing 'supplier' - encoding applied (1 s 733 ms)
-  Processing 'part' - encoding applied (16 s 285 ms)
-  Processing 'customer' - encoding applied (16 s 471 ms)
-  Processing 'partsupp' - encoding applied (41 s 230 ms)
-  Processing 'orders' - encoding applied (1 min 28 s)
-  Processing 'lineitem' - encoding applied (4 min 50 s)
- Encoding tables and generating pruning statistic done (4 min 50 s)
- Adding tables to StorageManager and generating table statistics
-  Added 'region' (963 µs 1 ns)
-  Added 'nation' (989 µs 679 ns)
-  Added 'supplier' (1 s 884 ms)
-  Added 'customer' (23 s 222 ms)
-  Added 'part' (28 s 38 ms)
-  Added 'partsupp' (2 min 5 s)
-  Added 'orders' (3 min 3 s)
-  Added 'lineitem' (6 min 11 s)
- Adding tables to StorageManager and generating table statistics done (6 min 11 s)
- No chunk indexes created as --chunk_indexes was not specified or set to false
- No table indexes created as --table_indexes was not specified or set to false
- Load plugin hyrisePlacementPlugin from /home/mweisgut/hyrise-cxl/build-exp-page-placement/lib/libhyrisePlacementPlugin.so
- Starting Benchmark...
- Run pre-benchmark hook of 'hyrisePlacementPlugin'
Moved pages for weighted interleaving.
- Migrating table data with weighted interleaving accross nodes 0, 2
-  Migrated 'region' (212 µs 747 ns)
-  Migrated 'customer' (1 s 167 ms)
-  Migrated 'nation' (15 µs 206 ns)
-  Migrated 'lineitem' (20 s 552 ms)
-  Migrated 'supplier' (71 ms 764 µs)
-  Migrated 'part' (727 ms 482 µs)
-  Migrated 'orders' (7 s 441 ms)
-  Migrated 'partsupp' (6 s 632 ms)
- Run post-benchmark hook of 'hyrisePlacementPlugin'
- Results for TPC-H 01
  -> Executed 35 times
- Results for TPC-H 02
  -> Executed 36 times
- Results for TPC-H 03
  -> Executed 37 times
- Results for TPC-H 04
  -> Executed 36 times
- Results for TPC-H 05
  -> Executed 36 times
- Results for TPC-H 06
  -> Executed 36 times
- Results for TPC-H 07
  -> Executed 37 times
- Results for TPC-H 08
  -> Executed 36 times
- Results for TPC-H 09
  -> Executed 35 times
- Results for TPC-H 10
  -> Executed 36 times
- Results for TPC-H 11
  -> Executed 37 times
- Results for TPC-H 12
  -> Executed 37 times
- Results for TPC-H 13
  -> Executed 34 times
- Results for TPC-H 14
  -> Executed 36 times
- Results for TPC-H 15
  -> Executed 37 times
- Results for TPC-H 16
  -> Executed 36 times
- Results for TPC-H 17
  -> Executed 36 times
- Results for TPC-H 18
  -> Executed 36 times
- Results for TPC-H 19
  -> Executed 36 times
- Results for TPC-H 20
  -> Executed 36 times
- Results for TPC-H 21
  -> Executed 36 times
- Results for TPC-H 22
  -> Executed 37 times
