- Writing benchmark results to '/home/mweisgut/hyrise-cxl/results/2025-02-26T145652_N0m0-1s100t600cl10c0Shuffled_rn2rwfc0.json'
- Running in multi-threaded mode using all available cores
- Data preparation will use all available cores
- 10 simulated clients are scheduling items in parallel
- Running benchmark in 'Shuffled' mode
- Encoding is 'Dictionary'
- Chunk size is 65535
- Executing items until max duration is up:
- Max duration per item is 600 seconds
- No warmup runs are performed
- Not caching tables as binary files
- Not tracking system metrics
- Not tracking SQL pipeline metrics
- Local memory NUMA node IDs: [ 0 ]
- Remote memory NUMA node IDs: [ 2 ]
- Remote memory NUMA node weights: [  ]
- # columns fixed in local memory: 0
- Data placement type: PagesRoundRobinInterleaved
- Benchmarking Queries: [ 1, 2, 3, 4, 5, 6, 7, 8, 9, 10, 11, 12, 13, 14, 15, 16, 17, 18, 19, 20, 21, 22 ]
- TPC-H scale factor is 100
- Using prepared statements: no
- SQL plan caching switched on
- Multi-threaded Topology:
Number of CPUs: 48
Available CPUs / nodes were filtered by externally set CPU affinity (e.g., numactl).
Node #0 - Number of Node CPUs: 48, CPUIDs: [0, 1, 2, 3, 4, 5, 6, 7, 8, 9, 10, 11, 12, 13, 14, 15, 16, 17, 18, 19, 20, 21, 22, 23, 48, 49, 50, 51, 52, 53, 54, 55, 56, 57, 58, 59, 60, 61, 62, 63, 64, 65, 66, 67, 68, 69, 70, 71]
Node #1 - Number of Node CPUs: 0, CPUIDs: []
Node #2 - Number of Node CPUs: 0, CPUIDs: []
Node #3 - Number of Node CPUs: 0, CPUIDs: []
Node #4 - Number of Node CPUs: 0, CPUIDs: []
Node #5 - Number of Node CPUs: 0, CPUIDs: []
- Loading/Generating tables
- Loading/Generating tables done (6 min 33 s)
- Encoding tables (if necessary) and generating pruning statistics
 - Column 'region.r_name' of type string will be encoded as FixedStringDictionary.
 - Column 'part.p_name' of type string will be encoded as FixedStringDictionary.
 - Column 'nation.n_name' of type string will be encoded as FixedStringDictionary.
 - Column 'supplier.s_name' of type string will be encoded as FixedStringDictionary.
 - Column 'region.r_comment' of type string will be encoded as FixedStringDictionary.
 - Column 'part.p_mfgr' of type string will be encoded as FixedStringDictionary.
 - Column 'part.p_brand' of type string will be encoded as FixedStringDictionary.
 - Column 'partsupp.ps_comment' of type string will be encoded as FixedStringDictionary.
 - Column 'nation.n_comment' of type string will be encoded as FixedStringDictionary.
 - Column 'part.p_type' of type string will be encoded as FixedStringDictionary.
 - Column 'part.p_container' of type string will be encoded as FixedStringDictionary.
 - Column 'customer.c_name' of type string will be encoded as FixedStringDictionary.
 - Column 'orders.o_orderstatus' of type string will be encoded as FixedStringDictionary.
 - Column 'part.p_comment' of type string will be encoded as FixedStringDictionary.
 - Column 'orders.o_orderdate' of type string will be encoded as FixedStringDictionary.
 - Column 'supplier.s_address' of type string will be encoded as FixedStringDictionary.
 - Column 'customer.c_address' of type string will be encoded as FixedStringDictionary.
 - Column 'orders.o_orderpriority' of type string will be encoded as FixedStringDictionary.
 - Column 'orders.o_clerk' of type string will be encoded as FixedStringDictionary.
 - Column 'supplier.s_phone' of type string will be encoded as FixedStringDictionary.
 - Column 'supplier.s_comment' of type string will be encoded as FixedStringDictionary.
 - Column 'customer.c_phone' of type string will be encoded as FixedStringDictionary.
 - Column 'customer.c_mktsegment' of type string will be encoded as FixedStringDictionary.
 - Column 'customer.c_comment' of type string will be encoded as FixedStringDictionary.
 - Column 'orders.o_comment' of type string will be encoded as FixedStringDictionary.
 - Column 'lineitem.l_returnflag' of type string will be encoded as FixedStringDictionary.
 - Column 'lineitem.l_linestatus' of type string will be encoded as FixedStringDictionary.
 - Column 'lineitem.l_shipdate' of type string will be encoded as FixedStringDictionary.
 - Column 'lineitem.l_commitdate' of type string will be encoded as FixedStringDictionary.
 - Column 'lineitem.l_receiptdate' of type string will be encoded as FixedStringDictionary.
 - Column 'lineitem.l_shipinstruct' of type string will be encoded as FixedStringDictionary.
 - Column 'lineitem.l_shipmode' of type string will be encoded as FixedStringDictionary.
 - Column 'lineitem.l_comment' of type string will be encoded as FixedStringDictionary.
-  Processing 'region' - encoding applied (473 µs 401 ns)
-  Processing 'nation' - encoding applied (525 µs 528 ns)
-  Processing 'supplier' - encoding applied (1 s 695 ms)
-  Processing 'part' - encoding applied (14 s 698 ms)
-  Processing 'customer' - encoding applied (16 s 284 ms)
-  Processing 'partsupp' - encoding applied (34 s 646 ms)
-  Processing 'orders' - encoding applied (1 min 19 s)
-  Processing 'lineitem' - encoding applied (4 min 48 s)
- Encoding tables and generating pruning statistic done (4 min 48 s)
- Adding tables to StorageManager and generating table statistics
-  Added 'region' (112 µs 544 ns)
-  Added 'nation' (419 µs 453 ns)
-  Added 'supplier' (1 s 746 ms)
-  Added 'customer' (19 s 505 ms)
-  Added 'part' (21 s 601 ms)
-  Added 'partsupp' (2 min 3 s)
-  Added 'orders' (3 min 13 s)
-  Added 'lineitem' (6 min 7 s)
- Adding tables to StorageManager and generating table statistics done (6 min 7 s)
- No chunk indexes created as --chunk_indexes was not specified or set to false
- No table indexes created as --table_indexes was not specified or set to false
- Load plugin hyrisePlacementPlugin from /home/mweisgut/hyrise-cxl/build-exp-page-placement/lib/libhyrisePlacementPlugin.so
- Starting Benchmark...
- Run pre-benchmark hook of 'hyrisePlacementPlugin'
Options [SF: 100, local ids: 0, remote ids: 2, rmem weights: , type: PagesRoundRobinInterleaved, columns fixed local: 0]
LinearNuma 2: Bound region for round robin page interleaving.
Run page placement
- Migrating table data with PagesRoundRobinInterleaved accross nodes 2
-  Migrated 'region' (30 µs 883 ns)
-  Migrated 'customer' (1 s 329 ms)
-  Migrated 'nation' (13 µs 998 ns)
-  Migrated 'lineitem' (23 s 212 ms)
-  Migrated 'supplier' (81 ms 906 µs)
-  Migrated 'part' (781 ms 574 µs)
-  Migrated 'orders' (8 s 236 ms)
-  Migrated 'partsupp' (7 s 468 ms)
- Run post-benchmark hook of 'hyrisePlacementPlugin'
- Results for TPC-H 01
  -> Executed 15 times
- Results for TPC-H 02
  -> Executed 16 times
- Results for TPC-H 03
  -> Executed 16 times
- Results for TPC-H 04
  -> Executed 17 times
- Results for TPC-H 05
  -> Executed 16 times
- Results for TPC-H 06
  -> Executed 17 times
- Results for TPC-H 07
  -> Executed 16 times
- Results for TPC-H 08
  -> Executed 16 times
- Results for TPC-H 09
  -> Executed 16 times
- Results for TPC-H 10
  -> Executed 17 times
- Results for TPC-H 11
  -> Executed 17 times
- Results for TPC-H 12
  -> Executed 17 times
- Results for TPC-H 13
  -> Executed 14 times
- Results for TPC-H 14
  -> Executed 17 times
- Results for TPC-H 15
  -> Executed 17 times
- Results for TPC-H 16
  -> Executed 16 times
- Results for TPC-H 17
  -> Executed 17 times
- Results for TPC-H 18
  -> Executed 16 times
- Results for TPC-H 19
  -> Executed 17 times
- Results for TPC-H 20
  -> Executed 17 times
- Results for TPC-H 21
  -> Executed 17 times
- Results for TPC-H 22
  -> Executed 17 times
