- Writing benchmark results to '/home/mweisgut/hyrise-cxl/results/2025-03-21T124740_N1m0-1s100t600cl10c0Shuffled_rn2-3-4-5rw.json'
- Running in multi-threaded mode using all available cores
- Data preparation will use all available cores
- 10 simulated clients are scheduling items in parallel
- Running benchmark in 'Shuffled' mode
- Encoding is 'Dictionary'
- Chunk size is 65535
- Executing items until max duration is up:
- Max duration per item is 600 seconds
- No warmup runs are performed
- Not caching tables as binary files
- Not tracking system metrics
- Not tracking SQL pipeline metrics
- Local memory NUMA node IDs: [  ]
- Remote memory NUMA node IDs: [ 2, 3, 4, 5 ]
- Remote memory NUMA node weights: [  ]
- # columns fixed in local memory: 0
- Data placement type: PagesRoundRobinInterleaved
- Benchmarking Queries: [ 1, 2, 3, 4, 5, 6, 7, 8, 9, 10, 11, 12, 13, 14, 15, 16, 17, 18, 19, 20, 21, 22 ]
- TPC-H scale factor is 100
- Using prepared statements: no
- SQL plan caching switched on
- Multi-threaded Topology:
Number of CPUs: 48
Available CPUs / nodes were filtered by externally set CPU affinity (e.g., numactl).
Node #0 - Number of Node CPUs: 0, CPUIDs: []
Node #1 - Number of Node CPUs: 48, CPUIDs: [24, 25, 26, 27, 28, 29, 30, 31, 32, 33, 34, 35, 36, 37, 38, 39, 40, 41, 42, 43, 44, 45, 46, 47, 72, 73, 74, 75, 76, 77, 78, 79, 80, 81, 82, 83, 84, 85, 86, 87, 88, 89, 90, 91, 92, 93, 94, 95]
Node #2 - Number of Node CPUs: 0, CPUIDs: []
Node #3 - Number of Node CPUs: 0, CPUIDs: []
Node #4 - Number of Node CPUs: 0, CPUIDs: []
Node #5 - Number of Node CPUs: 0, CPUIDs: []
- Loading/Generating tables
- Loading/Generating tables done (6 min 42 s)
- Encoding tables (if necessary) and generating pruning statistics
 - Column 'region.r_name' of type string will be encoded as FixedStringDictionary.
 - Column 'region.r_comment' of type string will be encoded as FixedStringDictionary.
 - Column 'nation.n_name' of type string will be encoded as FixedStringDictionary.
 - Column 'nation.n_comment' of type string will be encoded as FixedStringDictionary.
 - Column 'part.p_name' of type string will be encoded as FixedStringDictionary.
 - Column 'part.p_mfgr' of type string will be encoded as FixedStringDictionary.
 - Column 'part.p_brand' of type string will be encoded as FixedStringDictionary.
 - Column 'part.p_type' of type string will be encoded as FixedStringDictionary.
 - Column 'supplier.s_name' of type string will be encoded as FixedStringDictionary.
 - Column 'part.p_container' of type string will be encoded as FixedStringDictionary.
 - Column 'orders.o_orderstatus' of type string will be encoded as FixedStringDictionary.
-  Processing 'region' - encoding applied (204 µs 113 ns)
 - Column 'partsupp.ps_comment' of type string will be encoded as FixedStringDictionary.
 - Column 'lineitem.l_returnflag' of type string will be encoded as FixedStringDictionary.
 - Column 'lineitem.l_linestatus' of type string will be encoded as FixedStringDictionary.
 - Column 'lineitem.l_shipdate' of type string will be encoded as FixedStringDictionary.
 - Column 'lineitem.l_commitdate' of type string will be encoded as FixedStringDictionary.
 - Column 'lineitem.l_receiptdate' of type string will be encoded as FixedStringDictionary.
 - Column 'lineitem.l_shipinstruct' of type string will be encoded as FixedStringDictionary.
 - Column 'lineitem.l_shipmode' of type string will be encoded as FixedStringDictionary.
 - Column 'lineitem.l_comment' of type string will be encoded as FixedStringDictionary.
 - Column 'customer.c_name' of type string will be encoded as FixedStringDictionary.
 - Column 'part.p_comment' of type string will be encoded as FixedStringDictionary.
 - Column 'supplier.s_address' of type string will be encoded as FixedStringDictionary.
 - Column 'supplier.s_phone' of type string will be encoded as FixedStringDictionary.
 - Column 'supplier.s_comment' of type string will be encoded as FixedStringDictionary.
 - Column 'customer.c_address' of type string will be encoded as FixedStringDictionary.
 - Column 'customer.c_phone' of type string will be encoded as FixedStringDictionary.
 - Column 'customer.c_mktsegment' of type string will be encoded as FixedStringDictionary.
 - Column 'customer.c_comment' of type string will be encoded as FixedStringDictionary.
 - Column 'orders.o_orderdate' of type string will be encoded as FixedStringDictionary.
 - Column 'orders.o_orderpriority' of type string will be encoded as FixedStringDictionary.
 - Column 'orders.o_clerk' of type string will be encoded as FixedStringDictionary.
 - Column 'orders.o_comment' of type string will be encoded as FixedStringDictionary.
-  Processing 'nation' - encoding applied (290 µs 496 ns)
-  Processing 'supplier' - encoding applied (1 s 533 ms)
-  Processing 'part' - encoding applied (13 s 990 ms)
-  Processing 'customer' - encoding applied (14 s 513 ms)
-  Processing 'partsupp' - encoding applied (30 s 672 ms)
-  Processing 'orders' - encoding applied (1 min 19 s)
-  Processing 'lineitem' - encoding applied (4 min 49 s)
- Encoding tables and generating pruning statistic done (4 min 50 s)
- Adding tables to StorageManager and generating table statistics
-  Added 'region' (558 µs 596 ns)
-  Added 'nation' (532 µs 592 ns)
-  Added 'supplier' (1 s 447 ms)
-  Added 'customer' (19 s 761 ms)
-  Added 'part' (21 s 777 ms)
-  Added 'partsupp' (2 min 7 s)
-  Added 'orders' (2 min 57 s)
-  Added 'lineitem' (6 min 7 s)
- Adding tables to StorageManager and generating table statistics done (6 min 7 s)
- No chunk indexes created as --chunk_indexes was not specified or set to false
- No table indexes created as --table_indexes was not specified or set to false
- Load plugin hyrisePlacementPlugin from /home/mweisgut/hyrise-cxl/build-exp-page-placement/lib/libhyrisePlacementPlugin.so
- Starting Benchmark...
- Run pre-benchmark hook of 'hyrisePlacementPlugin'
Options [SF: 100, local ids: , remote ids: 2, 3, 4, 5, rmem weights: , type: PagesRoundRobinInterleaved, columns fixed local: 0]
LinearNuma 2, 3, 4, 5: Bound region for round robin page interleaving.
Run page placement
- Migrating table data with PagesRoundRobinInterleaved accross nodes 2, 3, 4, 5
-  Migrated 'region' (32 µs 147 ns)
-  Migrated 'customer' (1 s 93 ms)
-  Migrated 'nation' (14 µs 838 ns)
-  Migrated 'lineitem' (19 s 768 ms)
-  Migrated 'supplier' (65 ms 563 µs)
-  Migrated 'part' (621 ms 538 µs)
-  Migrated 'orders' (6 s 313 ms)
-  Migrated 'partsupp' (6 s 384 ms)
- Run post-benchmark hook of 'hyrisePlacementPlugin'
- Results for TPC-H 01
  -> Executed 20 times
- Results for TPC-H 02
  -> Executed 21 times
- Results for TPC-H 03
  -> Executed 22 times
- Results for TPC-H 04
  -> Executed 21 times
- Results for TPC-H 05
  -> Executed 21 times
- Results for TPC-H 06
  -> Executed 22 times
- Results for TPC-H 07
  -> Executed 21 times
- Results for TPC-H 08
  -> Executed 22 times
- Results for TPC-H 09
  -> Executed 22 times
- Results for TPC-H 10
  -> Executed 22 times
- Results for TPC-H 11
  -> Executed 22 times
- Results for TPC-H 12
  -> Executed 21 times
- Results for TPC-H 13
  -> Executed 19 times
- Results for TPC-H 14
  -> Executed 21 times
- Results for TPC-H 15
  -> Executed 22 times
- Results for TPC-H 16
  -> Executed 22 times
- Results for TPC-H 17
  -> Executed 22 times
- Results for TPC-H 18
  -> Executed 21 times
- Results for TPC-H 19
  -> Executed 22 times
- Results for TPC-H 20
  -> Executed 22 times
- Results for TPC-H 21
  -> Executed 21 times
- Results for TPC-H 22
  -> Executed 22 times
