- Writing benchmark results to '/home/mweisgut/hyrise-cxl/results/2025-02-12T222145_N0m0s10t900cl20c0Shuffled_rn0-2rw3-1.json'
- Running in multi-threaded mode using all available cores
- Data preparation will use all available cores
- 20 simulated clients are scheduling items in parallel
- Running benchmark in 'Shuffled' mode
- Encoding is 'Dictionary'
- Chunk size is 65535
- Executing items until max duration is up:
- Max duration per item is 900 seconds
- No warmup runs are performed
- Not caching tables as binary files
- Not tracking system metrics
- Not tracking SQL pipeline metrics
- Remote memory NUMA node IDs: [ 0, 2 ]
- Remote memory NUMA node weights: [ 3, 1 ]
Moved pages for weighted interleaving.
- Benchmarking Queries: [ 1, 2, 3, 4, 5, 6, 7, 8, 9, 10, 11, 12, 13, 14, 15, 16, 17, 18, 19, 20, 21, 22 ]
- TPC-H scale factor is 10
- Using prepared statements: no
- SQL plan caching switched on
- Multi-threaded Topology:
Number of CPUs: 48
Available CPUs / nodes were filtered by externally set CPU affinity (e.g., numactl).
Node #0 - Number of Node CPUs: 48, CPUIDs: [0, 1, 2, 3, 4, 5, 6, 7, 8, 9, 10, 11, 12, 13, 14, 15, 16, 17, 18, 19, 20, 21, 22, 23, 48, 49, 50, 51, 52, 53, 54, 55, 56, 57, 58, 59, 60, 61, 62, 63, 64, 65, 66, 67, 68, 69, 70, 71]
Node #1 - Number of Node CPUs: 0, CPUIDs: []
Node #2 - Number of Node CPUs: 0, CPUIDs: []
Node #3 - Number of Node CPUs: 0, CPUIDs: []
Node #4 - Number of Node CPUs: 0, CPUIDs: []
Node #5 - Number of Node CPUs: 0, CPUIDs: []
- Loading/Generating tables
- Loading/Generating tables done (41 s 15 ms)
- Encoding tables (if necessary) and generating pruning statistics
 - Column 'region.r_name' of type string will be encoded as FixedStringDictionary.
 - Column 'region.r_comment' of type string will be encoded as FixedStringDictionary.
 - Column 'nation.n_name' of type string will be encoded as FixedStringDictionary.
 - Column 'nation.n_comment' of type string will be encoded as FixedStringDictionary.
 - Column 'supplier.s_name' of type string will be encoded as FixedStringDictionary.
-  Processing 'region' - encoding applied (164 µs 436 ns)
 - Column 'supplier.s_address' of type string will be encoded as FixedStringDictionary.
 - Column 'supplier.s_phone' of type string will be encoded as FixedStringDictionary.
 - Column 'supplier.s_comment' of type string will be encoded as FixedStringDictionary.
 - Column 'part.p_name' of type string will be encoded as FixedStringDictionary.
 - Column 'partsupp.ps_comment' of type string will be encoded as FixedStringDictionary.
 - Column 'orders.o_orderstatus' of type string will be encoded as FixedStringDictionary.
 - Column 'customer.c_name' of type string will be encoded as FixedStringDictionary.
 - Column 'part.p_mfgr' of type string will be encoded as FixedStringDictionary.
 - Column 'orders.o_orderdate' of type string will be encoded as FixedStringDictionary.
 - Column 'lineitem.l_returnflag' of type string will be encoded as FixedStringDictionary.
 - Column 'orders.o_orderpriority' of type string will be encoded as FixedStringDictionary.
 - Column 'orders.o_clerk' of type string will be encoded as FixedStringDictionary.
 - Column 'part.p_brand' of type string will be encoded as FixedStringDictionary.
 - Column 'part.p_type' of type string will be encoded as FixedStringDictionary.
 - Column 'lineitem.l_linestatus' of type string will be encoded as FixedStringDictionary.
 - Column 'part.p_container' of type string will be encoded as FixedStringDictionary.
 - Column 'customer.c_address' of type string will be encoded as FixedStringDictionary.
 - Column 'lineitem.l_shipdate' of type string will be encoded as FixedStringDictionary.
 - Column 'lineitem.l_commitdate' of type string will be encoded as FixedStringDictionary.
 - Column 'orders.o_comment' of type string will be encoded as FixedStringDictionary.
 - Column 'lineitem.l_receiptdate' of type string will be encoded as FixedStringDictionary.
 - Column 'customer.c_phone' of type string will be encoded as FixedStringDictionary.
 - Column 'lineitem.l_shipinstruct' of type string will be encoded as FixedStringDictionary.
 - Column 'customer.c_mktsegment' of type string will be encoded as FixedStringDictionary.
 - Column 'lineitem.l_shipmode' of type string will be encoded as FixedStringDictionary.
 - Column 'customer.c_comment' of type string will be encoded as FixedStringDictionary.
 - Column 'part.p_comment' of type string will be encoded as FixedStringDictionary.
 - Column 'lineitem.l_comment' of type string will be encoded as FixedStringDictionary.
-  Processing 'nation' - encoding applied (456 µs 119 ns)
-  Processing 'supplier' - encoding applied (608 ms 562 µs)
-  Processing 'part' - encoding applied (1 s 504 ms)
-  Processing 'customer' - encoding applied (1 s 756 ms)
-  Processing 'partsupp' - encoding applied (3 s 56 ms)
-  Processing 'orders' - encoding applied (6 s 178 ms)
-  Processing 'lineitem' - encoding applied (30 s 189 ms)
- Encoding tables and generating pruning statistic done (30 s 239 ms)
- Adding tables to StorageManager and generating table statistics
-  Added 'nation' (683 µs 116 ns)
-  Added 'region' (752 µs 895 ns)
-  Added 'supplier' (128 ms 137 µs)
-  Added 'customer' (1 s 623 ms)
-  Added 'part' (2 s 50 ms)
-  Added 'partsupp' (10 s 327 ms)
-  Added 'orders' (16 s 407 ms)
-  Added 'lineitem' (44 s 583 ms)
- Adding tables to StorageManager and generating table statistics done (44 s 584 ms)
- No chunk indexes created as --chunk_indexes was not specified or set to false
- No table indexes created as --table_indexes was not specified or set to false
- Load plugin hyrisePlacementPlugin from /home/mweisgut/hyrise-cxl/build-exp-page-placement/lib/libhyrisePlacementPlugin.so
- Starting Benchmark...
- Run pre-benchmark hook of 'hyrisePlacementPlugin'
- Migrating table data with weighted interleaving accross nodes 0, 2
-  Migrated 'region' (22 µs 618 ns)
-  Migrated 'customer' (84 ms 833 µs)
-  Migrated 'nation' (19 µs 820 ns)
-  Migrated 'lineitem' (1 s 74 ms)
-  Migrated 'supplier' (4 ms 90 µs)
-  Migrated 'part' (35 ms 820 µs)
-  Migrated 'orders' (341 ms 205 µs)
-  Migrated 'partsupp' (362 ms 634 µs)
[PERF] Unresolved iterator created for AbstractPosList at src/lib/storage/pos_lists/abstract_pos_list.cpp:8
	Performance can be affected. This warning is only shown once.
[PERF] Build side larger than probe side in hash join at src/lib/operators/join_hash.cpp:90
	Performance can be affected. This warning is only shown once.
[PERF] get_row() used at src/lib/storage/table.cpp:352
	Performance can be affected. This warning is only shown once.
[PERF] operator[] used at src/lib/storage/value_segment.cpp:48
	Performance can be affected. This warning is only shown once.
[PERF] operator[] used at src/lib/storage/value_segment.cpp:48
	Performance can be affected. This warning is only shown once.
- Run post-benchmark hook of 'hyrisePlacementPlugin'
- Results for TPC-H 01
  -> Executed 699 times
- Results for TPC-H 02
  -> Executed 703 times
- Results for TPC-H 03
  -> Executed 701 times
- Results for TPC-H 04
  -> Executed 702 times
- Results for TPC-H 05
  -> Executed 701 times
- Results for TPC-H 06
  -> Executed 702 times
- Results for TPC-H 07
  -> Executed 703 times
- Results for TPC-H 08
  -> Executed 702 times
- Results for TPC-H 09
  -> Executed 698 times
- Results for TPC-H 10
  -> Executed 702 times
- Results for TPC-H 11
  -> Executed 703 times
- Results for TPC-H 12
  -> Executed 702 times
- Results for TPC-H 13
  -> Executed 699 times
- Results for TPC-H 14
  -> Executed 702 times
- Results for TPC-H 15
  -> Executed 703 times
- Results for TPC-H 16
  -> Executed 702 times
- Results for TPC-H 17
  -> Executed 703 times
- Results for TPC-H 18
  -> Executed 701 times
- Results for TPC-H 19
  -> Executed 702 times
- Results for TPC-H 20
  -> Executed 702 times
- Results for TPC-H 21
  -> Executed 702 times
- Results for TPC-H 22
  -> Executed 702 times
